{
  "uid" : "b9d08e9b183786c3",
  "name" : "createFirstProject[qa@storied.co,zxc123,company api]",
  "title" : "Create first project [qa@storied.co,zxc123,company api]",
  "time" : {
    "start" : 1496307407223,
    "stop" : 1496307416275,
    "duration" : 9052
  },
  "summary" : {
    "attachments" : 1,
    "steps" : 5
  },
  "failure" : {
    "message" : "AssertionError: expected [true] but found [false]",
    "stackTrace" : "java.lang.AssertionError: expected [true] but found [false]\n\tat org.testng.Assert.fail(Assert.java:93)\n\tat org.testng.Assert.failNotEquals(Assert.java:512)\n\tat org.testng.Assert.assertTrue(Assert.java:41)\n\tat org.testng.Assert.assertTrue(Assert.java:51)\n\tat tests.CreationProject.createFirstProject(CreationProject.java:41)\n\tat sun.reflect.NativeMethodAccessorImpl.invoke0(Native Method)\n\tat sun.reflect.NativeMethodAccessorImpl.invoke(NativeMethodAccessorImpl.java:62)\n\tat sun.reflect.DelegatingMethodAccessorImpl.invoke(DelegatingMethodAccessorImpl.java:43)\n\tat java.lang.reflect.Method.invoke(Method.java:498)\n\tat org.testng.internal.MethodInvocationHelper.invokeMethod(MethodInvocationHelper.java:108)\n\tat org.testng.internal.Invoker.invokeMethod(Invoker.java:661)\n\tat org.testng.internal.Invoker.invokeTestMethod(Invoker.java:869)\n\tat org.testng.internal.Invoker.invokeTestMethods(Invoker.java:1193)\n\tat org.testng.internal.TestMethodWorker.invokeTestMethods(TestMethodWorker.java:126)\n\tat org.testng.internal.TestMethodWorker.run(TestMethodWorker.java:109)\n\tat org.testng.TestRunner.privateRun(TestRunner.java:744)\n\tat org.testng.TestRunner.run(TestRunner.java:602)\n\tat org.testng.SuiteRunner.runTest(SuiteRunner.java:380)\n\tat org.testng.SuiteRunner.access$000(SuiteRunner.java:39)\n\tat org.testng.SuiteRunner$SuiteWorker.run(SuiteRunner.java:414)\n\tat org.testng.internal.thread.ThreadUtil$1.call(ThreadUtil.java:52)\n\tat java.util.concurrent.FutureTask.run(FutureTask.java:266)\n\tat java.util.concurrent.ThreadPoolExecutor.runWorker(ThreadPoolExecutor.java:1142)\n\tat java.util.concurrent.ThreadPoolExecutor$Worker.run(ThreadPoolExecutor.java:617)\n\tat java.lang.Thread.run(Thread.java:745)\n"
  },
  "description" : {
    "value" : "creation new project",
    "type" : "TEXT"
  },
  "severity" : "NORMAL",
  "status" : "FAILED",
  "suite" : {
    "uid" : "334c20d3cce8c732",
    "name" : "Auth Suite : Creation Project",
    "title" : "Auth Suite : Creation Project"
  },
  "steps" : [ {
    "name" : "openSinInPage",
    "title" : "Open sin in page",
    "time" : {
      "start" : 1496307407223,
      "stop" : 1496307408005,
      "duration" : 782
    },
    "summary" : {
      "attachments" : 0,
      "steps" : 0
    },
    "status" : "PASSED",
    "attachments" : [ ],
    "steps" : [ ]
  }, {
    "name" : "fillSignInForm[qa@storied.co, zxc123]",
    "title" : "Fill sign in form [qa@storied.co, zxc123]",
    "time" : {
      "start" : 1496307408005,
      "stop" : 1496307408296,
      "duration" : 291
    },
    "summary" : {
      "attachments" : 0,
      "steps" : 0
    },
    "status" : "PASSED",
    "attachments" : [ ],
    "steps" : [ ]
  }, {
    "name" : "clickSignInButton",
    "title" : "Click sign in button",
    "time" : {
      "start" : 1496307408297,
      "stop" : 1496307408387,
      "duration" : 90
    },
    "summary" : {
      "attachments" : 0,
      "steps" : 0
    },
    "status" : "PASSED",
    "attachments" : [ ],
    "steps" : [ ]
  }, {
    "name" : "openStudioPage",
    "title" : "Open studio page",
    "time" : {
      "start" : 1496307408387,
      "stop" : 1496307412688,
      "duration" : 4301
    },
    "summary" : {
      "attachments" : 0,
      "steps" : 0
    },
    "status" : "PASSED",
    "attachments" : [ ],
    "steps" : [ ]
  }, {
    "name" : "createNewProject",
    "title" : "Create new project",
    "time" : {
      "start" : 1496307412688,
      "stop" : 1496307415843,
      "duration" : 3155
    },
    "summary" : {
      "attachments" : 0,
      "steps" : 0
    },
    "status" : "PASSED",
    "attachments" : [ ],
    "steps" : [ ]
  } ],
  "attachments" : [ {
    "title" : "createFirstProject.png",
    "source" : "1b3cba2f-33ad-4428-9c7c-e202ec98dac1-attachment.png",
    "type" : "image/png",
    "size" : 53172,
    "uid" : "df93db4994b7739b"
  } ],
  "issues" : [ ],
  "testIds" : [ {
    "name" : "3",
    "url" : "3"
  } ],
  "labels" : [ {
    "name" : "language",
    "value" : "JAVA"
  }, {
    "name" : "suite-name",
    "value" : "Auth Suite : Creation Project"
  }, {
    "name" : "host",
    "value" : "testing-gce-d32868f5-df6b-48ef-b78d-4b2eb15c5c61"
  }, {
    "name" : "story",
    "value" : "Creation projects"
  }, {
    "name" : "feature",
    "value" : "Creation projects"
  }, {
    "name" : "thread",
    "value" : "6686@testing-gce-d32868f5-df6b-48ef-b78d-4b2eb15c5c61.TestNG-tests-1(12)"
  }, {
    "name" : "framework",
    "value" : "TestNG"
  }, {
    "name" : "testId",
    "value" : "3"
  }, {
    "name" : "suite-title",
    "value" : "Auth Suite : Creation Project"
  } ],
  "parameters" : [ ]
}