{
  "uid" : "da47c1a98202c986",
  "name" : "uploadGIF",
  "title" : "Upload GIF",
  "time" : {
    "start" : 1496307656019,
    "stop" : 1496307721467,
    "duration" : 65448
  },
  "summary" : {
    "attachments" : 1,
    "steps" : 2
  },
  "failure" : {
    "message" : "TimeoutException: Expected condition failed: waiting for text ('GIF1.gif') to be present in element Proxy element for: DefaultElementLocator 'By.xpath: //*[@id='library-popup']/div[1]/div[1]/div[1]/div[3]/div/ul/li[2]/span[2]' (tried for 30 second(s) with 2 SECONDS interval)\nBuild info: version: 'unknown', revision: 'c7b525d', time: '2016-09-01 14:57:44 -0700'\nSystem info: host: 'testing-gce-d32868f5-df6b-48ef-b78d-4b2eb15c5c61', ip: '127.0.1.1', os.name: 'Linux', os.arch: 'amd64', os.version: '4.4.0-51-generic', java.version: '1.8.0_111'\nDriver info: driver.version: unknown",
    "stackTrace" : "org.openqa.selenium.TimeoutException: Expected condition failed: waiting for text ('GIF1.gif') to be present in element Proxy element for: DefaultElementLocator 'By.xpath: //*[@id='library-popup']/div[1]/div[1]/div[1]/div[3]/div/ul/li[2]/span[2]' (tried for 30 second(s) with 2 SECONDS interval)\nBuild info: version: 'unknown', revision: 'c7b525d', time: '2016-09-01 14:57:44 -0700'\nSystem info: host: 'testing-gce-d32868f5-df6b-48ef-b78d-4b2eb15c5c61', ip: '127.0.1.1', os.name: 'Linux', os.arch: 'amd64', os.version: '4.4.0-51-generic', java.version: '1.8.0_111'\nDriver info: driver.version: unknown\n\tat org.openqa.selenium.support.ui.FluentWait.timeoutException(FluentWait.java:291)\n\tat org.openqa.selenium.support.ui.FluentWait.until(FluentWait.java:260)\n\tat pages.MediaLibraryPage.uploadGif(MediaLibraryPage.java:162)\n\tat tests.MediaLibrary.uploadGIF(MediaLibrary.java:130)\n\tat sun.reflect.NativeMethodAccessorImpl.invoke0(Native Method)\n\tat sun.reflect.NativeMethodAccessorImpl.invoke(NativeMethodAccessorImpl.java:62)\n\tat sun.reflect.DelegatingMethodAccessorImpl.invoke(DelegatingMethodAccessorImpl.java:43)\n\tat java.lang.reflect.Method.invoke(Method.java:498)\n\tat org.testng.internal.MethodInvocationHelper.invokeMethod(MethodInvocationHelper.java:108)\n\tat org.testng.internal.Invoker.invokeMethod(Invoker.java:661)\n\tat org.testng.internal.Invoker.invokeTestMethod(Invoker.java:869)\n\tat org.testng.internal.Invoker.invokeTestMethods(Invoker.java:1193)\n\tat org.testng.internal.TestMethodWorker.invokeTestMethods(TestMethodWorker.java:126)\n\tat org.testng.internal.TestMethodWorker.run(TestMethodWorker.java:109)\n\tat org.testng.TestRunner.privateRun(TestRunner.java:744)\n\tat org.testng.TestRunner.run(TestRunner.java:602)\n\tat org.testng.SuiteRunner.runTest(SuiteRunner.java:380)\n\tat org.testng.SuiteRunner.access$000(SuiteRunner.java:39)\n\tat org.testng.SuiteRunner$SuiteWorker.run(SuiteRunner.java:414)\n\tat org.testng.internal.thread.ThreadUtil$1.call(ThreadUtil.java:52)\n\tat java.util.concurrent.FutureTask.run(FutureTask.java:266)\n\tat java.util.concurrent.ThreadPoolExecutor.runWorker(ThreadPoolExecutor.java:1142)\n\tat java.util.concurrent.ThreadPoolExecutor$Worker.run(ThreadPoolExecutor.java:617)\n\tat java.lang.Thread.run(Thread.java:745)\nCaused by: org.openqa.selenium.NoSuchElementException: no such element: Unable to locate element: {\"method\":\"xpath\",\"selector\":\"//*[@id='library-popup']/div[1]/div[1]/div[1]/div[3]/div/ul/li[2]/span[2]\"}\n  (Session info: chrome=55.0.2883.75)\n  (Driver info: chromedriver=2.28.455506 (18f6627e265f442aeec9b6661a49fe819aeeea1f),platform=Linux 4.4.0-51-generic x86_64) (WARNING: The server did not provide any stacktrace information)\nCommand duration or timeout: 30.05 seconds\nFor documentation on this error, please visit: http://seleniumhq.org/exceptions/no_such_element.html\nBuild info: version: 'unknown', revision: 'c7b525d', time: '2016-09-01 14:57:44 -0700'\nSystem info: host: 'testing-gce-d32868f5-df6b-48ef-b78d-4b2eb15c5c61', ip: '127.0.1.1', os.name: 'Linux', os.arch: 'amd64', os.version: '4.4.0-51-generic', java.version: '1.8.0_111'\nDriver info: org.openqa.selenium.chrome.ChromeDriver\nCapabilities [{applicationCacheEnabled=false, rotatable=false, mobileEmulationEnabled=false, networkConnectionEnabled=false, chrome={chromedriverVersion=2.28.455506 (18f6627e265f442aeec9b6661a49fe819aeeea1f), userDataDir=/tmp/.org.chromium.Chromium.aCmhlc}, takesHeapSnapshot=true, pageLoadStrategy=normal, databaseEnabled=false, handlesAlerts=true, hasTouchScreen=false, version=55.0.2883.75, platform=LINUX, browserConnectionEnabled=false, nativeEvents=true, acceptSslCerts=true, locationContextEnabled=true, webStorageEnabled=true, browserName=chrome, takesScreenshot=true, javascriptEnabled=true, cssSelectorsEnabled=true, unexpectedAlertBehaviour=}]\nSession ID: d87ec88cad4ff60242eac6461bf3a729\n*** Element info: {Using=xpath, value=//*[@id='library-popup']/div[1]/div[1]/div[1]/div[3]/div/ul/li[2]/span[2]}\n\tat sun.reflect.NativeConstructorAccessorImpl.newInstance0(Native Method)\n\tat sun.reflect.NativeConstructorAccessorImpl.newInstance(NativeConstructorAccessorImpl.java:62)\n\tat sun.reflect.DelegatingConstructorAccessorImpl.newInstance(DelegatingConstructorAccessorImpl.java:45)\n\tat java.lang.reflect.Constructor.newInstance(Constructor.java:423)\n\tat org.openqa.selenium.remote.ErrorHandler.createThrowable(ErrorHandler.java:206)\n\tat org.openqa.selenium.remote.ErrorHandler.throwIfResponseFailed(ErrorHandler.java:158)\n\tat org.openqa.selenium.remote.RemoteWebDriver.execute(RemoteWebDriver.java:631)\n\tat org.openqa.selenium.remote.RemoteWebDriver.findElement(RemoteWebDriver.java:369)\n\tat org.openqa.selenium.remote.RemoteWebDriver.findElementByXPath(RemoteWebDriver.java:474)\n\tat org.openqa.selenium.By$ByXPath.findElement(By.java:361)\n\tat org.openqa.selenium.remote.RemoteWebDriver.findElement(RemoteWebDriver.java:361)\n\tat org.openqa.selenium.support.pagefactory.DefaultElementLocator.findElement(DefaultElementLocator.java:69)\n\tat org.openqa.selenium.support.pagefactory.internal.LocatingElementHandler.invoke(LocatingElementHandler.java:38)\n\tat com.sun.proxy.$Proxy18.getText(Unknown Source)\n\tat org.openqa.selenium.support.ui.ExpectedConditions$12.apply(ExpectedConditions.java:341)\n\tat org.openqa.selenium.support.ui.ExpectedConditions$12.apply(ExpectedConditions.java:337)\n\tat org.openqa.selenium.support.ui.FluentWait.until(FluentWait.java:238)\n\t... 22 more\n"
  },
  "description" : {
    "value" : "Upload GIF",
    "type" : "TEXT"
  },
  "severity" : "NORMAL",
  "status" : "BROKEN",
  "suite" : {
    "uid" : "e60cd8d2cb787ba9",
    "name" : "Auth Suite : MediaLibrary",
    "title" : "Auth Suite : MediaLibrary"
  },
  "steps" : [ {
    "name" : "selectAssetsTypeGif",
    "title" : "Select assets type gif",
    "time" : {
      "start" : 1496307656019,
      "stop" : 1496307661285,
      "duration" : 5266
    },
    "summary" : {
      "attachments" : 0,
      "steps" : 0
    },
    "status" : "PASSED",
    "attachments" : [ ],
    "steps" : [ ]
  }, {
    "name" : "uploadGif[/home/travis/build/Orfik/N2PS-AutoTests/src/test/resources/GIF1.gif]",
    "title" : "Upload gif [/home/travis/build/Orfik/N2PS-AutoTests/src/test/resources/GIF1.gif]",
    "time" : {
      "start" : 1496307661285,
      "stop" : 1496307721401,
      "duration" : 60116
    },
    "summary" : {
      "attachments" : 0,
      "steps" : 0
    },
    "status" : "BROKEN",
    "attachments" : [ ],
    "steps" : [ ]
  } ],
  "attachments" : [ {
    "title" : "uploadGIF.png",
    "source" : "72bb95b5-55ed-42da-800d-2be89a62f161-attachment.png",
    "type" : "image/png",
    "size" : 35502,
    "uid" : "6cc31c7c2f07a706"
  } ],
  "issues" : [ ],
  "testIds" : [ {
    "name" : "11",
    "url" : "11"
  } ],
  "labels" : [ {
    "name" : "language",
    "value" : "JAVA"
  }, {
    "name" : "suite-title",
    "value" : "Auth Suite : MediaLibrary"
  }, {
    "name" : "host",
    "value" : "testing-gce-d32868f5-df6b-48ef-b78d-4b2eb15c5c61"
  }, {
    "name" : "feature",
    "value" : "Upload GIF"
  }, {
    "name" : "story",
    "value" : "Upload GIF"
  }, {
    "name" : "suite-name",
    "value" : "Auth Suite : MediaLibrary"
  }, {
    "name" : "thread",
    "value" : "6686@testing-gce-d32868f5-df6b-48ef-b78d-4b2eb15c5c61.TestNG-tests-1(12)"
  }, {
    "name" : "testId",
    "value" : "11"
  }, {
    "name" : "framework",
    "value" : "TestNG"
  } ],
  "parameters" : [ ]
}