{
  "uid" : "fbc41b6a6da90270",
  "name" : "uploadCoverImage[qa@storied.co,zxc123,company api]",
  "title" : "Upload cover image [qa@storied.co,zxc123,company api]",
  "time" : {
    "start" : 1496307428802,
    "stop" : 1496307493310,
    "duration" : 64508
  },
  "summary" : {
    "attachments" : 1,
    "steps" : 7
  },
  "failure" : {
    "message" : "TimeoutException: Expected condition failed: waiting for visibility of element located by By.xpath: //*[@id='copy_embed'] (tried for 30 second(s) with 2 SECONDS interval)\nBuild info: version: 'unknown', revision: 'c7b525d', time: '2016-09-01 14:57:44 -0700'\nSystem info: host: 'testing-gce-d32868f5-df6b-48ef-b78d-4b2eb15c5c61', ip: '127.0.1.1', os.name: 'Linux', os.arch: 'amd64', os.version: '4.4.0-51-generic', java.version: '1.8.0_111'\nDriver info: driver.version: unknown",
    "stackTrace" : "org.openqa.selenium.TimeoutException: Expected condition failed: waiting for visibility of element located by By.xpath: //*[@id='copy_embed'] (tried for 30 second(s) with 2 SECONDS interval)\nBuild info: version: 'unknown', revision: 'c7b525d', time: '2016-09-01 14:57:44 -0700'\nSystem info: host: 'testing-gce-d32868f5-df6b-48ef-b78d-4b2eb15c5c61', ip: '127.0.1.1', os.name: 'Linux', os.arch: 'amd64', os.version: '4.4.0-51-generic', java.version: '1.8.0_111'\nDriver info: driver.version: unknown\n\tat org.openqa.selenium.support.ui.FluentWait.timeoutException(FluentWait.java:291)\n\tat org.openqa.selenium.support.ui.FluentWait.until(FluentWait.java:260)\n\tat pages.ProjectSettingsPage.uploadCoverImage(ProjectSettingsPage.java:251)\n\tat tests.ProjectSettings.uploadCoverImage(ProjectSettings.java:42)\n\tat sun.reflect.NativeMethodAccessorImpl.invoke0(Native Method)\n\tat sun.reflect.NativeMethodAccessorImpl.invoke(NativeMethodAccessorImpl.java:62)\n\tat sun.reflect.DelegatingMethodAccessorImpl.invoke(DelegatingMethodAccessorImpl.java:43)\n\tat java.lang.reflect.Method.invoke(Method.java:498)\n\tat org.testng.internal.MethodInvocationHelper.invokeMethod(MethodInvocationHelper.java:108)\n\tat org.testng.internal.Invoker.invokeMethod(Invoker.java:661)\n\tat org.testng.internal.Invoker.invokeTestMethod(Invoker.java:869)\n\tat org.testng.internal.Invoker.invokeTestMethods(Invoker.java:1193)\n\tat org.testng.internal.TestMethodWorker.invokeTestMethods(TestMethodWorker.java:126)\n\tat org.testng.internal.TestMethodWorker.run(TestMethodWorker.java:109)\n\tat org.testng.TestRunner.privateRun(TestRunner.java:744)\n\tat org.testng.TestRunner.run(TestRunner.java:602)\n\tat org.testng.SuiteRunner.runTest(SuiteRunner.java:380)\n\tat org.testng.SuiteRunner.access$000(SuiteRunner.java:39)\n\tat org.testng.SuiteRunner$SuiteWorker.run(SuiteRunner.java:414)\n\tat org.testng.internal.thread.ThreadUtil$1.call(ThreadUtil.java:52)\n\tat java.util.concurrent.FutureTask.run(FutureTask.java:266)\n\tat java.util.concurrent.ThreadPoolExecutor.runWorker(ThreadPoolExecutor.java:1142)\n\tat java.util.concurrent.ThreadPoolExecutor$Worker.run(ThreadPoolExecutor.java:617)\n\tat java.lang.Thread.run(Thread.java:745)\nCaused by: org.openqa.selenium.NoSuchElementException: no such element: Unable to locate element: {\"method\":\"xpath\",\"selector\":\"//*[@id='copy_embed']\"}\n  (Session info: chrome=55.0.2883.75)\n  (Driver info: chromedriver=2.28.455506 (18f6627e265f442aeec9b6661a49fe819aeeea1f),platform=Linux 4.4.0-51-generic x86_64) (WARNING: The server did not provide any stacktrace information)\nCommand duration or timeout: 30.02 seconds\nFor documentation on this error, please visit: http://seleniumhq.org/exceptions/no_such_element.html\nBuild info: version: 'unknown', revision: 'c7b525d', time: '2016-09-01 14:57:44 -0700'\nSystem info: host: 'testing-gce-d32868f5-df6b-48ef-b78d-4b2eb15c5c61', ip: '127.0.1.1', os.name: 'Linux', os.arch: 'amd64', os.version: '4.4.0-51-generic', java.version: '1.8.0_111'\nDriver info: org.openqa.selenium.chrome.ChromeDriver\nCapabilities [{applicationCacheEnabled=false, rotatable=false, mobileEmulationEnabled=false, networkConnectionEnabled=false, chrome={chromedriverVersion=2.28.455506 (18f6627e265f442aeec9b6661a49fe819aeeea1f), userDataDir=/tmp/.org.chromium.Chromium.hEGnEv}, takesHeapSnapshot=true, pageLoadStrategy=normal, databaseEnabled=false, handlesAlerts=true, hasTouchScreen=false, version=55.0.2883.75, platform=LINUX, browserConnectionEnabled=false, nativeEvents=true, acceptSslCerts=true, locationContextEnabled=true, webStorageEnabled=true, browserName=chrome, takesScreenshot=true, javascriptEnabled=true, cssSelectorsEnabled=true, unexpectedAlertBehaviour=}]\nSession ID: 0ef8a3ac97aed8517c4567399f01169d\n*** Element info: {Using=xpath, value=//*[@id='copy_embed']}\n\tat sun.reflect.NativeConstructorAccessorImpl.newInstance0(Native Method)\n\tat sun.reflect.NativeConstructorAccessorImpl.newInstance(NativeConstructorAccessorImpl.java:62)\n\tat sun.reflect.DelegatingConstructorAccessorImpl.newInstance(DelegatingConstructorAccessorImpl.java:45)\n\tat java.lang.reflect.Constructor.newInstance(Constructor.java:423)\n\tat org.openqa.selenium.remote.ErrorHandler.createThrowable(ErrorHandler.java:206)\n\tat org.openqa.selenium.remote.ErrorHandler.throwIfResponseFailed(ErrorHandler.java:158)\n\tat org.openqa.selenium.remote.RemoteWebDriver.execute(RemoteWebDriver.java:631)\n\tat org.openqa.selenium.remote.RemoteWebDriver.findElement(RemoteWebDriver.java:369)\n\tat org.openqa.selenium.remote.RemoteWebDriver.findElementByXPath(RemoteWebDriver.java:474)\n\tat org.openqa.selenium.By$ByXPath.findElement(By.java:361)\n\tat org.openqa.selenium.remote.RemoteWebDriver.findElement(RemoteWebDriver.java:361)\n\tat org.openqa.selenium.support.ui.ExpectedConditions.findElement(ExpectedConditions.java:895)\n\tat org.openqa.selenium.support.ui.ExpectedConditions.access$000(ExpectedConditions.java:41)\n\tat org.openqa.selenium.support.ui.ExpectedConditions$7.apply(ExpectedConditions.java:205)\n\tat org.openqa.selenium.support.ui.ExpectedConditions$7.apply(ExpectedConditions.java:201)\n\tat org.openqa.selenium.support.ui.FluentWait.until(FluentWait.java:238)\n\t... 22 more\n"
  },
  "description" : {
    "value" : "Project Settings: Cover Image",
    "type" : "TEXT"
  },
  "severity" : "NORMAL",
  "status" : "BROKEN",
  "suite" : {
    "uid" : "78b0364498beb551",
    "name" : "Auth Suite : Project Settings",
    "title" : "Auth Suite : Project Settings"
  },
  "steps" : [ {
    "name" : "openSinInPage",
    "title" : "Open sin in page",
    "time" : {
      "start" : 1496307428802,
      "stop" : 1496307429631,
      "duration" : 829
    },
    "summary" : {
      "attachments" : 0,
      "steps" : 0
    },
    "status" : "PASSED",
    "attachments" : [ ],
    "steps" : [ ]
  }, {
    "name" : "fillSignInForm[qa@storied.co, zxc123]",
    "title" : "Fill sign in form [qa@storied.co, zxc123]",
    "time" : {
      "start" : 1496307429632,
      "stop" : 1496307429897,
      "duration" : 265
    },
    "summary" : {
      "attachments" : 0,
      "steps" : 0
    },
    "status" : "PASSED",
    "attachments" : [ ],
    "steps" : [ ]
  }, {
    "name" : "clickSignInButton",
    "title" : "Click sign in button",
    "time" : {
      "start" : 1496307429897,
      "stop" : 1496307429998,
      "duration" : 101
    },
    "summary" : {
      "attachments" : 0,
      "steps" : 0
    },
    "status" : "PASSED",
    "attachments" : [ ],
    "steps" : [ ]
  }, {
    "name" : "openStudioPage",
    "title" : "Open studio page",
    "time" : {
      "start" : 1496307429998,
      "stop" : 1496307434329,
      "duration" : 4331
    },
    "summary" : {
      "attachments" : 0,
      "steps" : 0
    },
    "status" : "PASSED",
    "attachments" : [ ],
    "steps" : [ ]
  }, {
    "name" : "openProject",
    "title" : "Open project",
    "time" : {
      "start" : 1496307434329,
      "stop" : 1496307441015,
      "duration" : 6686
    },
    "summary" : {
      "attachments" : 0,
      "steps" : 0
    },
    "status" : "PASSED",
    "attachments" : [ ],
    "steps" : [ ]
  }, {
    "name" : "openProjectSettings",
    "title" : "Open project settings",
    "time" : {
      "start" : 1496307441015,
      "stop" : 1496307445055,
      "duration" : 4040
    },
    "summary" : {
      "attachments" : 0,
      "steps" : 0
    },
    "status" : "PASSED",
    "attachments" : [ ],
    "steps" : [ ]
  }, {
    "name" : "uploadCoverImage[/home/travis/build/Orfik/N2PS-AutoTests/src/test/resources/test.jpg, /home/travis/build/Orfik/N2PS-Auto...]",
    "title" : "Upload cover image [/home/travis/build/Orfik/N2PS-AutoTests/src/test/resources/test.jpg, /home/travis/build/Orfik/N2PS-Auto...]",
    "time" : {
      "start" : 1496307445055,
      "stop" : 1496307493221,
      "duration" : 48166
    },
    "summary" : {
      "attachments" : 0,
      "steps" : 0
    },
    "status" : "BROKEN",
    "attachments" : [ ],
    "steps" : [ ]
  } ],
  "attachments" : [ {
    "title" : "uploadCoverImage.png",
    "source" : "29e639aa-5b8c-493e-ac1d-a35f75c52b90-attachment.png",
    "type" : "image/png",
    "size" : 89652,
    "uid" : "f55f78e556b3fa78"
  } ],
  "issues" : [ ],
  "testIds" : [ {
    "name" : "12",
    "url" : "12"
  } ],
  "labels" : [ {
    "name" : "language",
    "value" : "JAVA"
  }, {
    "name" : "host",
    "value" : "testing-gce-d32868f5-df6b-48ef-b78d-4b2eb15c5c61"
  }, {
    "name" : "story",
    "value" : "Project Settings: Cover Image"
  }, {
    "name" : "suite-name",
    "value" : "Auth Suite : Project Settings"
  }, {
    "name" : "testId",
    "value" : "12"
  }, {
    "name" : "thread",
    "value" : "6686@testing-gce-d32868f5-df6b-48ef-b78d-4b2eb15c5c61.TestNG-tests-1(12)"
  }, {
    "name" : "framework",
    "value" : "TestNG"
  }, {
    "name" : "feature",
    "value" : "Project Settings"
  }, {
    "name" : "suite-title",
    "value" : "Auth Suite : Project Settings"
  } ],
  "parameters" : [ ]
}